<?xml version="1.0" encoding="UTF-8"?>
<testng-results ignored="0" total="2" passed="2" failed="0" skipped="0">
  <reporter-output>
  </reporter-output>
  <suite started-at="2023-12-28T07:21:41 IST" name="Default suite" finished-at="2023-12-28T07:21:52 IST" duration-ms="11313">
    <groups>
    </groups>
    <test started-at="2023-12-28T07:21:41 IST" name="Default test" finished-at="2023-12-28T07:21:52 IST" duration-ms="11313">
      <class name="test.NewTest">
        <test-method is-config="true" signature="setup()[pri:0, instance:test.NewTest@2c35e847]" started-at="2023-12-28T07:21:41 IST" name="setup" finished-at="2023-12-28T07:21:48 IST" duration-ms="6743" status="PASS">
          <reporter-output>
          </reporter-output>
        </test-method> <!-- setup -->
        <test-method signature="loginToApplication()[pri:0, instance:test.NewTest@2c35e847]" started-at="2023-12-28T07:21:48 IST" name="loginToApplication" finished-at="2023-12-28T07:21:48 IST" duration-ms="666" status="PASS">
          <reporter-output>
          </reporter-output>
        </test-method> <!-- loginToApplication -->
        <test-method signature="validateHomePage()[pri:0, instance:test.NewTest@2c35e847]" started-at="2023-12-28T07:21:48 IST" name="validateHomePage" finished-at="2023-12-28T07:21:51 IST" duration-ms="2330" status="PASS">
          <reporter-output>
          </reporter-output>
        </test-method> <!-- validateHomePage -->
        <test-method is-config="true" signature="afterClass()[pri:0, instance:test.NewTest@2c35e847]" started-at="2023-12-28T07:21:51 IST" name="afterClass" finished-at="2023-12-28T07:21:52 IST" duration-ms="1483" status="PASS">
          <reporter-output>
          </reporter-output>
        </test-method> <!-- afterClass -->
      </class> <!-- test.NewTest -->
    </test> <!-- Default test -->
  </suite> <!-- Default suite -->
</testng-results>
